# JRE version: OpenJDK Runtime Environment (11.0.11+9) (build 11.0.11+9-b60-7590822)
# Java VM: OpenJDK 64-Bit Server VM (11.0.11+9-b60-7590822, mixed mode, tiered, compressed oops, g1 gc, windows-amd64)
Heap:
 garbage-first heap   total 498688K, used 173346K [0x0000000080000000, 0x0000000100000000)
  region size 1024K, 2 young (2048K), 2 survivors (2048K)
 Metaspace       used 137257K, capacity 142561K, committed 142764K, reserved 1173504K
  class space    used 16641K, capacity 18527K, committed 18636K, reserved 1048576K
GC Heap History (20 events):
Event: 10891.692 GC heap after
{Heap after GC invocations=363 (full 0):
 garbage-first heap   total 431104K, used 179944K [0x0000000080000000, 0x0000000100000000)
  region size 1024K, 4 young (4096K), 4 survivors (4096K)
 Metaspace       used 136951K, capacity 142247K, committed 142508K, reserved 1173504K
  class space    used 16619K, capacity 18514K, committed 18636K, reserved 1048576K
}
Event: 10891.762 GC heap before
{Heap before GC invocations=363 (full 0):
 garbage-first heap   total 431104K, used 197352K [0x0000000080000000, 0x0000000100000000)
  region size 1024K, 21 young (21504K), 4 survivors (4096K)
 Metaspace       used 136951K, capacity 142247K, committed 142508K, reserved 1173504K
  class space    used 16619K, capacity 18514K, committed 18636K, reserved 1048576K
}
Event: 10891.779 GC heap after
{Heap after GC invocations=364 (full 0):
 garbage-first heap   total 431104K, used 176640K [0x0000000080000000, 0x0000000100000000)
  region size 1024K, 2 young (2048K), 2 survivors (2048K)
 Metaspace       used 136951K, capacity 142247K, committed 142508K, reserved 1173504K
  class space    used 16619K, capacity 18514K, committed 18636K, reserved 1048576K
}
Event: 10892.459 GC heap before
{Heap before GC invocations=364 (full 0):
 garbage-first heap   total 431104K, used 372224K [0x0000000080000000, 0x0000000100000000)
  region size 1024K, 193 young (197632K), 2 survivors (2048K)
 Metaspace       used 136963K, capacity 142248K, committed 142508K, reserved 1173504K
  class space    used 16619K, capacity 18514K, committed 18636K, reserved 1048576K
}
Event: 10892.472 GC heap after
{Heap after GC invocations=365 (full 0):
 garbage-first heap   total 431104K, used 178329K [0x0000000080000000, 0x0000000100000000)
  region size 1024K, 4 young (4096K), 4 survivors (4096K)
 Metaspace       used 136963K, capacity 142248K, committed 142508K, reserved 1173504K
  class space    used 16619K, capacity 18514K, committed 18636K, reserved 1048576K
}
Event: 10893.720 GC heap before
{Heap before GC invocations=366 (full 0):
 garbage-first heap   total 431104K, used 372889K [0x0000000080000000, 0x0000000100000000)
  region size 1024K, 194 young (198656K), 4 survivors (4096K)
 Metaspace       used 136975K, capacity 142248K, committed 142508K, reserved 1173504K
  class space    used 16620K, capacity 18514K, committed 18636K, reserved 1048576K
}
Event: 10893.738 GC heap after
{Heap after GC invocations=367 (full 0):
 garbage-first heap   total 431104K, used 179985K [0x0000000080000000, 0x0000000100000000)
  region size 1024K, 5 young (5120K), 5 survivors (5120K)
 Metaspace       used 136975K, capacity 142248K, committed 142508K, reserved 1173504K
  class space    used 16620K, capacity 18514K, committed 18636K, reserved 1048576K
}
Event: 10893.789 GC heap before
{Heap before GC invocations=367 (full 0):
 garbage-first heap   total 431104K, used 195345K [0x0000000080000000, 0x0000000100000000)
  region size 1024K, 21 young (21504K), 5 survivors (5120K)
 Metaspace       used 136975K, capacity 142248K, committed 142508K, reserved 1173504K
  class space    used 16620K, capacity 18514K, committed 18636K, reserved 1048576K
}
Event: 10893.814 GC heap after
{Heap after GC invocations=368 (full 0):
 garbage-first heap   total 431104K, used 175579K [0x0000000080000000, 0x0000000100000000)
  region size 1024K, 2 young (2048K), 2 survivors (2048K)
 Metaspace       used 136975K, capacity 142248K, committed 142508K, reserved 1173504K
  class space    used 16620K, capacity 18514K, committed 18636K, reserved 1048576K
}
Event: 10894.381 GC heap before
{Heap before GC invocations=368 (full 0):
 garbage-first heap   total 431104K, used 327131K [0x0000000080000000, 0x0000000100000000)
  region size 1024K, 151 young (154624K), 2 survivors (2048K)
 Metaspace       used 137062K, capacity 142397K, committed 142764K, reserved 1173504K
  class space    used 16621K, capacity 18516K, committed 18636K, reserved 1048576K
}
Event: 10894.394 GC heap after
{Heap after GC invocations=369 (full 0):
 garbage-first heap   total 431104K, used 177072K [0x0000000080000000, 0x0000000100000000)
  region size 1024K, 3 young (3072K), 3 survivors (3072K)
 Metaspace       used 137062K, capacity 142397K, committed 142764K, reserved 1173504K
  class space    used 16621K, capacity 18516K, committed 18636K, reserved 1048576K
}
Event: 10895.579 GC heap before
{Heap before GC invocations=370 (full 0):
 garbage-first heap   total 431104K, used 374704K [0x0000000080000000, 0x0000000100000000)
  region size 1024K, 195 young (199680K), 3 survivors (3072K)
 Metaspace       used 137092K, capacity 142397K, committed 142764K, reserved 1173504K
  class space    used 16621K, capacity 18516K, committed 18636K, reserved 1048576K
}
Event: 10895.595 GC heap after
{Heap after GC invocations=371 (full 0):
 garbage-first heap   total 431104K, used 179354K [0x0000000080000000, 0x0000000100000000)
  region size 1024K, 6 young (6144K), 6 survivors (6144K)
 Metaspace       used 137092K, capacity 142397K, committed 142764K, reserved 1173504K
  class space    used 16621K, capacity 18516K, committed 18636K, reserved 1048576K
}
Event: 10895.645 GC heap before
{Heap before GC invocations=371 (full 0):
 garbage-first heap   total 431104K, used 194714K [0x0000000080000000, 0x0000000100000000)
  region size 1024K, 21 young (21504K), 6 survivors (6144K)
 Metaspace       used 137095K, capacity 142398K, committed 142764K, reserved 1173504K
  class space    used 16621K, capacity 18516K, committed 18636K, reserved 1048576K
}
Event: 10895.667 GC heap after
{Heap after GC invocations=372 (full 0):
 garbage-first heap   total 431104K, used 175737K [0x0000000080000000, 0x0000000100000000)
  region size 1024K, 2 young (2048K), 2 survivors (2048K)
 Metaspace       used 137095K, capacity 142398K, committed 142764K, reserved 1173504K
  class space    used 16621K, capacity 18516K, committed 18636K, reserved 1048576K
}
Event: 10896.462 GC heap before
{Heap before GC invocations=372 (full 0):
 garbage-first heap   total 431104K, used 374393K [0x0000000080000000, 0x0000000100000000)
  region size 1024K, 196 young (200704K), 2 survivors (2048K)
 Metaspace       used 137110K, capacity 142400K, committed 142764K, reserved 1173504K
  class space    used 16621K, capacity 18516K, committed 18636K, reserved 1048576K
}
Event: 10896.490 GC heap after
{Heap after GC invocations=373 (full 0):
 garbage-first heap   total 431104K, used 180715K [0x0000000080000000, 0x0000000100000000)
  region size 1024K, 7 young (7168K), 7 survivors (7168K)
 Metaspace       used 137110K, capacity 142400K, committed 142764K, reserved 1173504K
  class space    used 16621K, capacity 18516K, committed 18636K, reserved 1048576K
}
Event: 10897.829 GC heap before
{Heap before GC invocations=374 (full 0):
 garbage-first heap   total 431104K, used 375275K [0x0000000080000000, 0x0000000100000000)
  region size 1024K, 195 young (199680K), 7 survivors (7168K)
 Metaspace       used 137256K, capacity 142561K, committed 142764K, reserved 1173504K
  class space    used 16641K, capacity 18527K, committed 18636K, reserved 1048576K
}
Event: 10897.859 GC heap after
{Heap after GC invocations=375 (full 0):
 garbage-first heap   total 431104K, used 186865K [0x0000000080000000, 0x0000000100000000)
  region size 1024K, 13 young (13312K), 13 survivors (13312K)
 Metaspace       used 137256K, capacity 142561K, committed 142764K, reserved 1173504K
  class space    used 16641K, capacity 18527K, committed 18636K, reserved 1048576K
}
Event: 10897.880 GC heap before
{Heap before GC invocations=375 (full 0):
 garbage-first heap   total 431104K, used 195057K [0x0000000080000000, 0x0000000100000000)
  region size 1024K, 21 young (21504K), 13 survivors (13312K)
 Metaspace       used 137257K, capacity 142561K, committed 142764K, reserved 1173504K
  class space    used 16641K, capacity 18527K, committed 18636K, reserved 1048576K
}

