# JRE version: OpenJDK Runtime Environment (11.0.11+9) (build 11.0.11+9-b60-7590822)
# Java VM: OpenJDK 64-Bit Server VM (11.0.11+9-b60-7590822, mixed mode, tiered, compressed oops, g1 gc, windows-amd64)
Heap:
 garbage-first heap   total 487424K, used 258696K [0x0000000080000000, 0x0000000100000000)
  region size 1024K, 9 young (9216K), 9 survivors (9216K)
 Metaspace       used 116336K, capacity 119314K, committed 119588K, reserved 1153024K
  class space    used 14524K, capacity 15684K, committed 15744K, reserved 1048576K
GC Heap History (20 events):
Event: 77.018 GC heap after
{Heap after GC invocations=80 (full 0):
 garbage-first heap   total 419840K, used 247707K [0x0000000080000000, 0x0000000100000000)
  region size 1024K, 5 young (5120K), 5 survivors (5120K)
 Metaspace       used 116288K, capacity 119250K, committed 119332K, reserved 1153024K
  class space    used 14522K, capacity 15684K, committed 15744K, reserved 1048576K
}
Event: 77.750 GC heap before
{Heap before GC invocations=80 (full 0):
 garbage-first heap   total 419840K, used 357275K [0x0000000080000000, 0x0000000100000000)
  region size 1024K, 113 young (115712K), 5 survivors (5120K)
 Metaspace       used 116289K, capacity 119250K, committed 119332K, reserved 1153024K
  class space    used 14522K, capacity 15684K, committed 15744K, reserved 1048576K
}
Event: 77.763 GC heap after
{Heap after GC invocations=81 (full 0):
 garbage-first heap   total 419840K, used 250597K [0x0000000080000000, 0x0000000100000000)
  region size 1024K, 8 young (8192K), 8 survivors (8192K)
 Metaspace       used 116289K, capacity 119250K, committed 119332K, reserved 1153024K
  class space    used 14522K, capacity 15684K, committed 15744K, reserved 1048576K
}
Event: 78.321 GC heap before
{Heap before GC invocations=81 (full 0):
 garbage-first heap   total 419840K, used 360165K [0x0000000080000000, 0x0000000100000000)
  region size 1024K, 115 young (117760K), 8 survivors (8192K)
 Metaspace       used 116290K, capacity 119250K, committed 119332K, reserved 1153024K
  class space    used 14522K, capacity 15684K, committed 15744K, reserved 1048576K
}
Event: 78.334 GC heap after
{Heap after GC invocations=82 (full 0):
 garbage-first heap   total 419840K, used 251627K [0x0000000080000000, 0x0000000100000000)
  region size 1024K, 9 young (9216K), 9 survivors (9216K)
 Metaspace       used 116290K, capacity 119250K, committed 119332K, reserved 1153024K
  class space    used 14522K, capacity 15684K, committed 15744K, reserved 1048576K
}
Event: 78.868 GC heap before
{Heap before GC invocations=82 (full 0):
 garbage-first heap   total 419840K, used 361195K [0x0000000080000000, 0x0000000100000000)
  region size 1024K, 117 young (119808K), 9 survivors (9216K)
 Metaspace       used 116292K, capacity 119250K, committed 119332K, reserved 1153024K
  class space    used 14522K, capacity 15684K, committed 15744K, reserved 1048576K
}
Event: 78.883 GC heap after
{Heap after GC invocations=83 (full 0):
 garbage-first heap   total 419840K, used 252136K [0x0000000080000000, 0x0000000100000000)
  region size 1024K, 7 young (7168K), 7 survivors (7168K)
 Metaspace       used 116292K, capacity 119250K, committed 119332K, reserved 1153024K
  class space    used 14522K, capacity 15684K, committed 15744K, reserved 1048576K
}
Event: 79.383 GC heap before
{Heap before GC invocations=83 (full 0):
 garbage-first heap   total 419840K, used 361704K [0x0000000080000000, 0x0000000100000000)
  region size 1024K, 115 young (117760K), 7 survivors (7168K)
 Metaspace       used 116299K, capacity 119250K, committed 119332K, reserved 1153024K
  class space    used 14522K, capacity 15684K, committed 15744K, reserved 1048576K
}
Event: 79.400 GC heap after
{Heap after GC invocations=84 (full 0):
 garbage-first heap   total 419840K, used 253437K [0x0000000080000000, 0x0000000100000000)
  region size 1024K, 8 young (8192K), 8 survivors (8192K)
 Metaspace       used 116299K, capacity 119250K, committed 119332K, reserved 1153024K
  class space    used 14522K, capacity 15684K, committed 15744K, reserved 1048576K
}
Event: 79.734 GC heap before
{Heap before GC invocations=84 (full 0):
 garbage-first heap   total 419840K, used 363005K [0x0000000080000000, 0x0000000100000000)
  region size 1024K, 115 young (117760K), 8 survivors (8192K)
 Metaspace       used 116307K, capacity 119314K, committed 119588K, reserved 1153024K
  class space    used 14522K, capacity 15684K, committed 15744K, reserved 1048576K
}
Event: 79.749 GC heap after
{Heap after GC invocations=85 (full 0):
 garbage-first heap   total 419840K, used 254814K [0x0000000080000000, 0x0000000100000000)
  region size 1024K, 10 young (10240K), 10 survivors (10240K)
 Metaspace       used 116307K, capacity 119314K, committed 119588K, reserved 1153024K
  class space    used 14522K, capacity 15684K, committed 15744K, reserved 1048576K
}
Event: 80.044 GC heap before
{Heap before GC invocations=85 (full 0):
 garbage-first heap   total 419840K, used 363358K [0x0000000080000000, 0x0000000100000000)
  region size 1024K, 116 young (118784K), 10 survivors (10240K)
 Metaspace       used 116329K, capacity 119314K, committed 119588K, reserved 1153024K
  class space    used 14523K, capacity 15684K, committed 15744K, reserved 1048576K
}
Event: 80.060 GC heap after
{Heap after GC invocations=86 (full 0):
 garbage-first heap   total 419840K, used 255706K [0x0000000080000000, 0x0000000100000000)
  region size 1024K, 9 young (9216K), 9 survivors (9216K)
 Metaspace       used 116329K, capacity 119314K, committed 119588K, reserved 1153024K
  class space    used 14523K, capacity 15684K, committed 15744K, reserved 1048576K
}
Event: 80.438 GC heap before
{Heap before GC invocations=86 (full 0):
 garbage-first heap   total 419840K, used 363226K [0x0000000080000000, 0x0000000100000000)
  region size 1024K, 115 young (117760K), 9 survivors (9216K)
 Metaspace       used 116332K, capacity 119314K, committed 119588K, reserved 1153024K
  class space    used 14523K, capacity 15684K, committed 15744K, reserved 1048576K
}
Event: 80.451 GC heap after
{Heap after GC invocations=87 (full 0):
 garbage-first heap   total 419840K, used 254419K [0x0000000080000000, 0x0000000100000000)
  region size 1024K, 7 young (7168K), 7 survivors (7168K)
 Metaspace       used 116332K, capacity 119314K, committed 119588K, reserved 1153024K
  class space    used 14523K, capacity 15684K, committed 15744K, reserved 1048576K
}
Event: 80.802 GC heap before
{Heap before GC invocations=87 (full 0):
 garbage-first heap   total 419840K, used 363987K [0x0000000080000000, 0x0000000100000000)
  region size 1024K, 114 young (116736K), 7 survivors (7168K)
 Metaspace       used 116334K, capacity 119314K, committed 119588K, reserved 1153024K
  class space    used 14523K, capacity 15684K, committed 15744K, reserved 1048576K
}
Event: 80.819 GC heap after
{Heap after GC invocations=88 (full 0):
 garbage-first heap   total 419840K, used 257036K [0x0000000080000000, 0x0000000100000000)
  region size 1024K, 10 young (10240K), 10 survivors (10240K)
 Metaspace       used 116334K, capacity 119314K, committed 119588K, reserved 1153024K
  class space    used 14523K, capacity 15684K, committed 15744K, reserved 1048576K
}
Event: 81.219 GC heap before
{Heap before GC invocations=88 (full 0):
 garbage-first heap   total 419840K, used 363532K [0x0000000080000000, 0x0000000100000000)
  region size 1024K, 114 young (116736K), 10 survivors (10240K)
 Metaspace       used 116335K, capacity 119314K, committed 119588K, reserved 1153024K
  class space    used 14523K, capacity 15684K, committed 15744K, reserved 1048576K
}
Event: 81.239 GC heap after
{Heap after GC invocations=89 (full 0):
 garbage-first heap   total 419840K, used 257977K [0x0000000080000000, 0x0000000100000000)
  region size 1024K, 9 young (9216K), 9 survivors (9216K)
 Metaspace       used 116335K, capacity 119314K, committed 119588K, reserved 1153024K
  class space    used 14523K, capacity 15684K, committed 15744K, reserved 1048576K
}
Event: 81.550 GC heap before
{Heap before GC invocations=89 (full 0):
 garbage-first heap   total 419840K, used 365497K [0x0000000080000000, 0x0000000100000000)
  region size 1024K, 114 young (116736K), 9 survivors (9216K)
 Metaspace       used 116336K, capacity 119314K, committed 119588K, reserved 1153024K
  class space    used 14524K, capacity 15684K, committed 15744K, reserved 1048576K
}

